<?xml version="1.0" encoding="UTF-8"?>
<!-- Generated by org.testng.reporters.JUnitReportReporter -->
<testsuite hostname="DESKTOP-QR026C9" failures="0" tests="3" name="com.test.OrangeHrmTest" time="12.638" errors="0" timestamp="2024-05-30T10:19:45 IST" skipped="0">
  <testcase classname="com.test.OrangeHrmTest" name="testLogout" time="0.988"/>
  <testcase classname="com.test.OrangeHrmTest" name="login" time="9.307"/>
  <testcase classname="com.test.OrangeHrmTest" name="testAdmin" time="2.343"/>
</testsuite> <!-- com.test.OrangeHrmTest -->
